Building DAG of jobs...
Using shell: /bin/bash
Provided cores: 1 (use --cores to define parallelism)
Rules claiming more threads will be scaled down.
Job stats:
job                                            count    min threads    max threads
-------------------------------------------  -------  -------------  -------------
align_reads                                        2              1              1
fix_matepair_information_and_convert_to_bam        2              1              1
index_reads                                        2              1              1
mark_duplicate_read_pairs                          2              1              1
rename_alignment_files                             2              1              1
sort_reads_by_position                             2              1              1
total                                             12              1              1

Select jobs to execute...

[Fri Nov  5 09:43:13 2021]
rule align_reads:
    input: data/reads/subsampled/ERR417627_1.fastq.gz, data/reads/subsampled/ERR417627_2.fastq.gz, data/reference/Pf3D7_v3+GRCh38.fa.gz, data/reference/Pf3D7_v3+GRCh38.fa.gz.bwt
    output: results/aligned/tmp/ERR417627.bwamem.sam
    jobid: 4
    wildcards: ID=ERR417627
    resources: tmpdir=/var/folders/sf/p8wv_r411dzclmx1zqhd3k2m0000gn/T

[Fri Nov  5 09:59:45 2021]
Finished job 4.
1 of 12 steps (8%) done
Select jobs to execute...

[Fri Nov  5 09:59:45 2021]
rule fix_matepair_information_and_convert_to_bam:
    input: results/aligned/tmp/ERR417627.bwamem.sam
    output: results/aligned/tmp/ERR417627.fixmate.bam
    jobid: 3
    wildcards: ID=ERR417627
    resources: tmpdir=/var/folders/sf/p8wv_r411dzclmx1zqhd3k2m0000gn/T

Removing temporary output file results/aligned/tmp/ERR417627.bwamem.sam.
[Fri Nov  5 10:00:48 2021]
Finished job 3.
2 of 12 steps (17%) done
Select jobs to execute...

[Fri Nov  5 10:00:48 2021]
rule sort_reads_by_position:
    input: results/aligned/tmp/ERR417627.fixmate.bam
    output: results/aligned/tmp/ERR417627.sorted.bam
    jobid: 2
    wildcards: ID=ERR417627
    resources: tmpdir=/var/folders/sf/p8wv_r411dzclmx1zqhd3k2m0000gn/T

Removing temporary output file results/aligned/tmp/ERR417627.fixmate.bam.
[Fri Nov  5 10:02:05 2021]
Finished job 2.
3 of 12 steps (25%) done
Select jobs to execute...

[Fri Nov  5 10:02:05 2021]
rule mark_duplicate_read_pairs:
    input: results/aligned/tmp/ERR417627.sorted.bam
    output: results/aligned/tmp/ERR417627.bam
    jobid: 1
    wildcards: ID=ERR417627
    resources: tmpdir=/var/folders/sf/p8wv_r411dzclmx1zqhd3k2m0000gn/T

Removing temporary output file results/aligned/tmp/ERR417627.sorted.bam.
[Fri Nov  5 10:03:09 2021]
Finished job 1.
4 of 12 steps (33%) done
Select jobs to execute...

[Fri Nov  5 10:03:09 2021]
rule index_reads:
    input: results/aligned/tmp/ERR417627.bam
    output: results/aligned/tmp/ERR417627.bam.bai
    jobid: 6
    wildcards: ID=ERR417627
    resources: tmpdir=/var/folders/sf/p8wv_r411dzclmx1zqhd3k2m0000gn/T

[Fri Nov  5 10:03:14 2021]
Finished job 6.
5 of 12 steps (42%) done
Select jobs to execute...

[Fri Nov  5 10:03:14 2021]
rule rename_alignment_files:
    input: results/aligned/tmp/ERR417627.bam, results/aligned/tmp/ERR417627.bam.bai
    output: results/aligned/QG0049-C-hspf.bam, results/aligned/QG0049-C-hspf.bam.bai
    jobid: 0
    wildcards: name=QG0049-C-hspf
    resources: tmpdir=/var/folders/sf/p8wv_r411dzclmx1zqhd3k2m0000gn/T

Removing temporary output file results/aligned/tmp/ERR417627.bam.
Removing temporary output file results/aligned/tmp/ERR417627.bam.bai.
[Fri Nov  5 10:03:14 2021]
Finished job 0.
6 of 12 steps (50%) done
Select jobs to execute...

[Fri Nov  5 10:03:14 2021]
rule align_reads:
    input: data/reads/subsampled/ERR377629_1.fastq.gz, data/reads/subsampled/ERR377629_2.fastq.gz, data/reference/Pf3D7_v3+GRCh38.fa.gz, data/reference/Pf3D7_v3+GRCh38.fa.gz.bwt
    output: results/aligned/tmp/ERR377629.bwamem.sam
    jobid: 11
    wildcards: ID=ERR377629
    resources: tmpdir=/var/folders/sf/p8wv_r411dzclmx1zqhd3k2m0000gn/T

[Fri Nov  5 10:32:44 2021]
Finished job 11.
7 of 12 steps (58%) done
Select jobs to execute...

[Fri Nov  5 10:32:44 2021]
rule fix_matepair_information_and_convert_to_bam:
    input: results/aligned/tmp/ERR377629.bwamem.sam
    output: results/aligned/tmp/ERR377629.fixmate.bam
    jobid: 10
    wildcards: ID=ERR377629
    resources: tmpdir=/var/folders/sf/p8wv_r411dzclmx1zqhd3k2m0000gn/T

Removing temporary output file results/aligned/tmp/ERR377629.bwamem.sam.
[Fri Nov  5 10:33:51 2021]
Finished job 10.
8 of 12 steps (67%) done
Select jobs to execute...

[Fri Nov  5 10:33:51 2021]
rule sort_reads_by_position:
    input: results/aligned/tmp/ERR377629.fixmate.bam
    output: results/aligned/tmp/ERR377629.sorted.bam
    jobid: 9
    wildcards: ID=ERR377629
    resources: tmpdir=/var/folders/sf/p8wv_r411dzclmx1zqhd3k2m0000gn/T

Removing temporary output file results/aligned/tmp/ERR377629.fixmate.bam.
[Fri Nov  5 10:35:12 2021]
Finished job 9.
9 of 12 steps (75%) done
Select jobs to execute...

[Fri Nov  5 10:35:12 2021]
rule mark_duplicate_read_pairs:
    input: results/aligned/tmp/ERR377629.sorted.bam
    output: results/aligned/tmp/ERR377629.bam
    jobid: 8
    wildcards: ID=ERR377629
    resources: tmpdir=/var/folders/sf/p8wv_r411dzclmx1zqhd3k2m0000gn/T

Removing temporary output file results/aligned/tmp/ERR377629.sorted.bam.
[Fri Nov  5 10:36:20 2021]
Finished job 8.
10 of 12 steps (83%) done
Select jobs to execute...

[Fri Nov  5 10:36:20 2021]
rule index_reads:
    input: results/aligned/tmp/ERR377629.bam
    output: results/aligned/tmp/ERR377629.bam.bai
    jobid: 12
    wildcards: ID=ERR377629
    resources: tmpdir=/var/folders/sf/p8wv_r411dzclmx1zqhd3k2m0000gn/T

[Fri Nov  5 10:36:24 2021]
Finished job 12.
11 of 12 steps (92%) done
Select jobs to execute...

[Fri Nov  5 10:36:24 2021]
rule rename_alignment_files:
    input: results/aligned/tmp/ERR377629.bam, results/aligned/tmp/ERR377629.bam.bai
    output: results/aligned/QG0088-C-hspf.bam, results/aligned/QG0088-C-hspf.bam.bai
    jobid: 7
    wildcards: name=QG0088-C-hspf
    resources: tmpdir=/var/folders/sf/p8wv_r411dzclmx1zqhd3k2m0000gn/T

Removing temporary output file results/aligned/tmp/ERR377629.bam.
Removing temporary output file results/aligned/tmp/ERR377629.bam.bai.
[Fri Nov  5 10:36:24 2021]
Finished job 7.
12 of 12 steps (100%) done
Complete log: /Users/gav/Projects/Teaching/GMS/statistics-course/Next_Generation_Sequencing/practicals/ngs_processing_pipeline/solutions/.snakemake/log/2021-11-05T094312.132412.snakemake.log
